Flutter crash report; please file at https://github.com/flutter/flutter/issues.

## command

flutter run

## exception

ProcessException: ProcessException: No such file or directory
  Command: /usr/bin/xcodebuild -project /Users/adityasharma/share_api/ios/Runner.xcodeproj -target Runner -showBuildSettings

```
#0      _ProcessImpl._runAndWait (dart:io-patch/process_patch.dart:489:7)
#1      _runNonInteractiveProcessSync (dart:io-patch/process_patch.dart:634:18)
#2      Process.runSync (dart:io-patch/process_patch.dart:66:12)
#3      LocalProcessManager.runSync (package:process/src/interface/local_process_manager.dart:83:20)
#4      _runWithLoggingSync (package:flutter_tools/src/base/process.dart:343:48)
#5      runCheckedSync (package:flutter_tools/src/base/process.dart:297:10)
#6      XcodeProjectInterpreter.getBuildSettings (package:flutter_tools/src/ios/xcodeproj.dart:177:24)
#7      IosProject.buildSettings (package:flutter_tools/src/project.dart:372:42)
#8      IosProject.isSwift (package:flutter_tools/src/project.dart:364:23)
#9      RunCommand.usageValues (package:flutter_tools/src/commands/run.dart:229:35)
<asynchronous suspension>
#10     FlutterCommand._sendUsage (package:flutter_tools/src/runner/flutter_command.dart:411:58)
<asynchronous suspension>
#11     FlutterCommand.run.<anonymous closure> (package:flutter_tools/src/runner/flutter_command.dart:392:17)
<asynchronous suspension>
#12     AppContext.run.<anonymous closure> (package:flutter_tools/src/base/context.dart:153:29)
<asynchronous suspension>
#13     _rootRun (dart:async/zone.dart:1124:13)
#14     _CustomZone.run (dart:async/zone.dart:1021:19)
#15     _runZoned (dart:async/zone.dart:1516:10)
#16     runZoned (dart:async/zone.dart:1463:12)
#17     AppContext.run (package:flutter_tools/src/base/context.dart:152:18)
<asynchronous suspension>
#18     FlutterCommand.run (package:flutter_tools/src/runner/flutter_command.dart:375:20)
#19     CommandRunner.runCommand (package:args/command_runner.dart:197:27)
<asynchronous suspension>
#20     FlutterCommandRunner.runCommand.<anonymous closure> (package:flutter_tools/src/runner/flutter_command_runner.dart:396:21)
<asynchronous suspension>
#21     AppContext.run.<anonymous closure> (package:flutter_tools/src/base/context.dart:153:29)
<asynchronous suspension>
#22     _rootRun (dart:async/zone.dart:1124:13)
#23     _CustomZone.run (dart:async/zone.dart:1021:19)
#24     _runZoned (dart:async/zone.dart:1516:10)
#25     runZoned (dart:async/zone.dart:1463:12)
#26     AppContext.run (package:flutter_tools/src/base/context.dart:152:18)
<asynchronous suspension>
#27     FlutterCommandRunner.runCommand (package:flutter_tools/src/runner/flutter_command_runner.dart:356:19)
<asynchronous suspension>
#28     CommandRunner.run.<anonymous closure> (package:args/command_runner.dart:112:25)
#29     new Future.sync (dart:async/future.dart:224:31)
#30     CommandRunner.run (package:args/command_runner.dart:112:14)
#31     FlutterCommandRunner.run (package:flutter_tools/src/runner/flutter_command_runner.dart:242:18)
#32     run.<anonymous closure>.<anonymous closure> (package:flutter_tools/runner.dart:62:22)
<asynchronous suspension>
#33     _rootRun (dart:async/zone.dart:1124:13)
#34     _CustomZone.run (dart:async/zone.dart:1021:19)
#35     _runZoned (dart:async/zone.dart:1516:10)
#36     runZoned (dart:async/zone.dart:1500:12)
#37     run.<anonymous closure> (package:flutter_tools/runner.dart:60:18)
<asynchronous suspension>
#38     AppContext.run.<anonymous closure> (package:flutter_tools/src/base/context.dart:153:29)
<asynchronous suspension>
#39     _rootRun (dart:async/zone.dart:1124:13)
#40     _CustomZone.run (dart:async/zone.dart:1021:19)
#41     _runZoned (dart:async/zone.dart:1516:10)
#42     runZoned (dart:async/zone.dart:1463:12)
#43     AppContext.run (package:flutter_tools/src/base/context.dart:152:18)
<asynchronous suspension>
#44     runInContext (package:flutter_tools/src/context_runner.dart:56:24)
<asynchronous suspension>
#45     run (package:flutter_tools/runner.dart:51:10)
#46     main (package:flutter_tools/executable.dart:62:9)
<asynchronous suspension>
#47     main (file:///b/s/w/ir/k/archive/flutter/packages/flutter_tools/bin/flutter_tools.dart:8:3)
#48     _startIsolate.<anonymous closure> (dart:isolate-patch/isolate_patch.dart:299:32)
#49     _RawReceivePortImpl._handleMessage (dart:isolate-patch/isolate_patch.dart:172:12)
```

## flutter doctor

```
[32m[✓][39m Flutter (Channel stable, v1.7.8+hotfix.4, on Mac OS X 10.14.6 18G87, locale
    en-IN)
    [32m•[39m Flutter version 1.7.8+hotfix.4 at /Users/adityasharma/Downloads/flutter
    [32m•[39m Framework revision 20e59316b8 (4 weeks ago), 2019-07-18 20:04:33 -0700
    [32m•[39m Engine revision fee001c93f
    [32m•[39m Dart version 2.4.0

[31m[✗][39m Android toolchain - develop for Android devices
    [31m✗[39m Unable to locate Android SDK.
      Install Android Studio from:
      https://developer.android.com/studio/index.html
      On first launch it will assist you in installing the Android SDK
      components.
      (or visit https://flutter.dev/setup/#android-setup for detailed
      instructions).
      If the Android SDK has been installed to a custom location, set
      ANDROID_HOME to that location.
      You may also want to add it to your PATH environment variable.


[32m[✓][39m Xcode - develop for iOS and macOS (Xcode 10.3)
    [32m•[39m Xcode at /Applications/Xcode.app/Contents/Developer
    [32m•[39m Xcode 10.3, Build version 10G8
    [32m•[39m CocoaPods version 1.7.5

[32m[✓][39m iOS tools - develop for iOS devices
    [32m•[39m ios-deploy 1.9.4

[33m[!][39m Android Studio (not installed)
    [32m•[39m Android Studio not found; download from
      https://developer.android.com/studio/index.html
      (or visit https://flutter.dev/setup/#android-setup for detailed
      instructions).

[32m[✓][39m VS Code (version 1.37.0)
    [32m•[39m VS Code at /Applications/Visual Studio Code.app/Contents
    [32m•[39m Flutter extension version 3.3.0

[32m[✓][39m Connected device (1 available)
    [32m•[39m iPhone sau • d663c0f1cd1c28db73aaab31641ace290b66c1f3 • ios • iOS 11.2.6

[33m![39m Doctor found issues in 2 categories.
```
